<?xml version="1.0" encoding="UTF-8"?>
<!-- Generated by org.testng.reporters.JUnitReportReporter -->
<testsuite hostname="LAPTOP-0FGJQ36B" failures="0" tests="1" name="genericTestCases.LoginTests" time="0.010" errors="0" timestamp="15 Jul 2018 15:04:14 GMT" skipped="0">
  <testcase classname="genericTestCases.LoginTests" name="checkTitle" time="0.010"/>
</testsuite> <!-- genericTestCases.LoginTests -->
